[debug] [2020-02-04T13:46:27.534Z] ----------------------------------------------------------------------
[debug] [2020-02-04T13:46:27.538Z] Command:       /usr/local/bin/node /usr/local/bin/firebase init
[debug] [2020-02-04T13:46:27.539Z] CLI Version:   7.12.1
[debug] [2020-02-04T13:46:27.539Z] Platform:      darwin
[debug] [2020-02-04T13:46:27.539Z] Node Version:  v12.14.1
[debug] [2020-02-04T13:46:27.540Z] Time:          Tue Feb 04 2020 20:46:27 GMT+0700 (Western Indonesia Time)
[debug] [2020-02-04T13:46:27.540Z] ----------------------------------------------------------------------
[debug] [2020-02-04T13:46:27.540Z] 
[debug] [2020-02-04T13:46:27.671Z] > command requires scopes: ["email","openid","https://www.googleapis.com/auth/cloudplatformprojects.readonly","https://www.googleapis.com/auth/firebase","https://www.googleapis.com/auth/cloud-platform"]
[debug] [2020-02-04T13:46:27.671Z] > authorizing via signed-in user
[info] 
     ######## #### ########  ######## ########     ###     ######  ########
     ##        ##  ##     ## ##       ##     ##  ##   ##  ##       ##
     ######    ##  ########  ######   ########  #########  ######  ######
     ##        ##  ##    ##  ##       ##     ## ##     ##       ## ##
     ##       #### ##     ## ######## ########  ##     ##  ######  ########

You're about to initialize a Firebase project in this directory:

  /Users/admin/Documents/project/hanowene/hanowene-web

Before we get started, keep in mind:

  * You are initializing in an existing Firebase project directory

[info] 
=== Project Setup
[info] 
[info] First, let's associate this project directory with a Firebase project.
[info] You can create multiple project aliases by running firebase use --add, 
[info] but for now we'll just set up a default project.
[info] 
[info] i  .firebaserc already has a default project, using hanowene-web.
[debug] [2020-02-04T13:46:41.148Z] > refreshing access token with scopes: ["email","https://www.googleapis.com/auth/cloud-platform","https://www.googleapis.com/auth/cloudplatformprojects.readonly","https://www.googleapis.com/auth/firebase","openid"]
[debug] [2020-02-04T13:46:41.149Z] >>> HTTP REQUEST POST https://www.googleapis.com/oauth2/v3/token  
 <request body omitted>
[debug] [2020-02-04T13:46:41.358Z] <<< HTTP RESPONSE 400
[debug] [2020-02-04T13:46:41.360Z] >>> HTTP REQUEST GET https://firebase.googleapis.com/v1beta1/projects/hanowene-web  
 
[debug] [2020-02-04T13:46:41.517Z] <<< HTTP RESPONSE 401
[debug] [2020-02-04T13:46:41.517Z] <<< HTTP RESPONSE BODY
[debug] [2020-02-04T13:46:41.519Z] HTTP Error: 401, Request had invalid authentication credentials. Expected OAuth 2 access token, login cookie or other valid authentication credential. See https://developers.google.com/identity/sign-in/web/devconsole-project.
[debug] [2020-02-04T13:46:41.947Z] FirebaseError: HTTP Error: 401, Request had invalid authentication credentials. Expected OAuth 2 access token, login cookie or other valid authentication credential. See https://developers.google.com/identity/sign-in/web/devconsole-project.
    at module.exports (/usr/local/lib/node_modules/firebase-tools/lib/responseToError.js:38:12)
    at Request._callback (/usr/local/lib/node_modules/firebase-tools/lib/api.js:39:35)
    at Request.self.callback (/usr/local/lib/node_modules/firebase-tools/node_modules/request/request.js:185:22)
    at Request.emit (events.js:223:5)
    at Request.EventEmitter.emit (domain.js:475:20)
    at Request.<anonymous> (/usr/local/lib/node_modules/firebase-tools/node_modules/request/request.js:1161:10)
    at Request.emit (events.js:223:5)
    at Request.EventEmitter.emit (domain.js:475:20)
    at IncomingMessage.<anonymous> (/usr/local/lib/node_modules/firebase-tools/node_modules/request/request.js:1083:12)
    at Object.onceWrapper (events.js:312:28)
    at IncomingMessage.emit (events.js:228:7)
    at IncomingMessage.EventEmitter.emit (domain.js:475:20)
    at endReadableNT (_stream_readable.js:1185:12)
    at processTicksAndRejections (internal/process/task_queues.js:81:21)
[error] 
[error] Error: Failed to get Firebase project hanowene-web. Please make sure the project exists and your account has permission to access it.
